<?xml version="1.0" encoding="UTF-8"?>
<robot generator="Robot 7.0 (Python 3.12.3 on win32)" generated="2024-05-19T18:02:39.286013" rpa="false" schemaversion="5">
<suite id="s1" name="Navegacao" source="c:\dev\workspace\Testes-demo\testes\navegacao.robot">
<test id="s1-t1" name="Caso de Teste: Realizar Compra Completa de Um Produto" line="7">
<kw name="Dado que eu acesse o Swag Labs e realize o login correto" owner="setup_teardown" type="SETUP">
<kw name="Open Browser" owner="SeleniumLibrary">
<msg time="2024-05-19T18:02:39.959504" level="INFO">Opening browser 'Chrome' to base url 'https://www.saucedemo.com/'.</msg>
<arg>url=https://www.saucedemo.com/</arg>
<arg>browser=Chrome</arg>
<doc>Opens a new browser instance to the optional ``url``.</doc>
<status status="PASS" start="2024-05-19T18:02:39.959504" elapsed="2.904360"/>
</kw>
<kw name="Input Text" owner="SeleniumLibrary">
<msg time="2024-05-19T18:02:42.866722" level="INFO">Typing text 'standard_user' into text field 'css=input[data-test="username"]'.</msg>
<arg>css=input[data-test="username"]</arg>
<arg>standard_user</arg>
<doc>Types the given ``text`` into the text field identified by ``locator``.</doc>
<status status="PASS" start="2024-05-19T18:02:42.863864" elapsed="0.315973"/>
</kw>
<kw name="Input Text" owner="SeleniumLibrary">
<msg time="2024-05-19T18:02:43.182746" level="INFO">Typing text 'secret_sauce' into text field 'css=input[data-test="password"]'.</msg>
<arg>css=input[data-test="password"]</arg>
<arg>secret_sauce</arg>
<doc>Types the given ``text`` into the text field identified by ``locator``.</doc>
<status status="PASS" start="2024-05-19T18:02:43.182746" elapsed="0.200650"/>
</kw>
<kw name="Click Button" owner="SeleniumLibrary">
<msg time="2024-05-19T18:02:43.388911" level="INFO">Clicking button 'css=input[data-test="login-button"]'.</msg>
<arg>css=input[data-test="login-button"]</arg>
<doc>Clicks the button identified by ``locator``.</doc>
<status status="PASS" start="2024-05-19T18:02:43.383396" elapsed="0.113570"/>
</kw>
<status status="PASS" start="2024-05-19T18:02:39.959504" elapsed="3.544482"/>
</kw>
<kw name="Adicionar item no carrinho" owner="navegacao_demo">
<kw name="Click Button" owner="SeleniumLibrary">
<msg time="2024-05-19T18:02:43.504999" level="INFO">Clicking button 'css=button[data-test="add-to-cart-sauce-labs-backpack"]'.</msg>
<arg>${BOTAO_ADICIONAR_NO_CARRINHO}</arg>
<doc>Clicks the button identified by ``locator``.</doc>
<status status="PASS" start="2024-05-19T18:02:43.504999" elapsed="0.099273"/>
</kw>
<kw name="Element Should Be Visible" owner="SeleniumLibrary">
<msg time="2024-05-19T18:02:43.633173" level="INFO">Element 'css=button[data-test="remove-sauce-labs-backpack"]' is displayed.</msg>
<arg>css=button[data-test="remove-sauce-labs-backpack"]</arg>
<arg>Remove</arg>
<doc>Verifies that the element identified by ``locator`` is visible.</doc>
<status status="PASS" start="2024-05-19T18:02:43.605136" elapsed="0.028037"/>
</kw>
<status status="PASS" start="2024-05-19T18:02:43.504999" elapsed="0.128174"/>
</kw>
<kw name="Verificar indicação de quantidade de produtos no carrinho é igual a 1" owner="navegacao_demo">
<kw name="Element Should Be Visible" owner="SeleniumLibrary">
<msg time="2024-05-19T18:02:43.693291" level="INFO">Element 'css=span[data-test="shopping-cart-badge"]' is displayed.</msg>
<arg>css=span[data-test="shopping-cart-badge"]</arg>
<arg>1</arg>
<doc>Verifies that the element identified by ``locator`` is visible.</doc>
<status status="PASS" start="2024-05-19T18:02:43.641162" elapsed="0.052129"/>
</kw>
<status status="PASS" start="2024-05-19T18:02:43.633173" elapsed="0.066939"/>
</kw>
<kw name="Visualizar produtos do carrinho" owner="navegacao_demo">
<kw name="Click Element" owner="SeleniumLibrary">
<msg time="2024-05-19T18:02:43.708160" level="INFO">Clicking element 'css=a[data-test="shopping-cart-link"]'.</msg>
<arg>${BOTAO_VER_CARRINHO}</arg>
<doc>Click the element identified by ``locator``.</doc>
<status status="PASS" start="2024-05-19T18:02:43.704169" elapsed="0.082585"/>
</kw>
<status status="PASS" start="2024-05-19T18:02:43.704169" elapsed="0.082585"/>
</kw>
<kw name="Verificar se possui um item" owner="navegacao_demo">
<kw name="Element Should Be Visible" owner="SeleniumLibrary">
<msg time="2024-05-19T18:02:43.819084" level="INFO">Element 'css=div[data-test="inventory-item"]' is displayed.</msg>
<arg>css=div[data-test="inventory-item"]</arg>
<doc>Verifies that the element identified by ``locator`` is visible.</doc>
<status status="PASS" start="2024-05-19T18:02:43.786754" elapsed="0.032330"/>
</kw>
<status status="PASS" start="2024-05-19T18:02:43.786754" elapsed="0.034410"/>
</kw>
<kw name="Iniciar finalizacao da compra" owner="navegacao_demo">
<kw name="Click Button" owner="SeleniumLibrary">
<msg time="2024-05-19T18:02:43.824896" level="INFO">Clicking button 'css=button[data-test="checkout"]'.</msg>
<arg>css=button[data-test="checkout"]</arg>
<doc>Clicks the button identified by ``locator``.</doc>
<status status="PASS" start="2024-05-19T18:02:43.824896" elapsed="0.116439"/>
</kw>
<status status="PASS" start="2024-05-19T18:02:43.824896" elapsed="0.116439"/>
</kw>
<kw name="Preencher dados de pagamento" owner="navegacao_demo">
<kw name="First Name" owner="FakerLibrary">
<msg time="2024-05-19T18:02:43.941335" level="INFO">${Nome} = Sophia</msg>
<var>${Nome}</var>
<status status="PASS" start="2024-05-19T18:02:43.941335" elapsed="0.000000"/>
</kw>
<kw name="Input Text" owner="SeleniumLibrary">
<msg time="2024-05-19T18:02:43.950071" level="INFO">Typing text 'Sophia' into text field 'css=input[data-test="firstName"]'.</msg>
<arg>css=input[data-test="firstName"]</arg>
<arg>${Nome}</arg>
<doc>Types the given ``text`` into the text field identified by ``locator``.</doc>
<status status="PASS" start="2024-05-19T18:02:43.941335" elapsed="0.140716"/>
</kw>
<kw name="Last Name" owner="FakerLibrary">
<msg time="2024-05-19T18:02:44.082594" level="INFO">${Sobrenome} = da Mata</msg>
<var>${Sobrenome}</var>
<status status="PASS" start="2024-05-19T18:02:44.082051" elapsed="0.000543"/>
</kw>
<kw name="Input Text" owner="SeleniumLibrary">
<msg time="2024-05-19T18:02:44.082594" level="INFO">Typing text 'da Mata' into text field 'css=input[data-test="lastName"]'.</msg>
<arg>css=input[data-test="lastName"]</arg>
<arg>${Sobrenome}</arg>
<doc>Types the given ``text`` into the text field identified by ``locator``.</doc>
<status status="PASS" start="2024-05-19T18:02:44.082594" elapsed="0.138742"/>
</kw>
<kw name="Postcode" owner="FakerLibrary">
<msg time="2024-05-19T18:02:44.221336" level="INFO">${CodigoPostal} = 77419878</msg>
<var>${CodigoPostal}</var>
<doc>Randomly returns a postcode.
:param formatted: True to allow formatted postcodes, else False (default True)
:example formatted: '41224-212' '83992-291' '12324322'
:example raw: '43920231' '34239530'</doc>
<status status="PASS" start="2024-05-19T18:02:44.221336" elapsed="0.000000"/>
</kw>
<kw name="Input Text" owner="SeleniumLibrary">
<msg time="2024-05-19T18:02:44.221336" level="INFO">Typing text '77419878' into text field 'css=input[data-test="postalCode"]'.</msg>
<arg>css=input[data-test="postalCode"]</arg>
<arg>${CodigoPostal}</arg>
<doc>Types the given ``text`` into the text field identified by ``locator``.</doc>
<status status="PASS" start="2024-05-19T18:02:44.221336" elapsed="0.168207"/>
</kw>
<kw name="Click Element" owner="SeleniumLibrary">
<msg time="2024-05-19T18:02:44.393398" level="INFO">Clicking element 'css=input[data-test="continue"]'.</msg>
<arg>css=input[data-test="continue"]</arg>
<doc>Click the element identified by ``locator``.</doc>
<status status="PASS" start="2024-05-19T18:02:44.389543" elapsed="0.095271"/>
</kw>
<status status="PASS" start="2024-05-19T18:02:43.941335" elapsed="0.545908"/>
</kw>
<kw name="Verificar resumo da compra" owner="navegacao_demo">
<kw name="Click Button" owner="SeleniumLibrary">
<msg time="2024-05-19T18:02:44.487243" level="INFO">Clicking button 'css=button[data-test="finish"]'.</msg>
<arg>css=button[data-test="finish"]</arg>
<doc>Clicks the button identified by ``locator``.</doc>
<status status="PASS" start="2024-05-19T18:02:44.487243" elapsed="0.097979"/>
</kw>
<status status="PASS" start="2024-05-19T18:02:44.487243" elapsed="0.097979"/>
</kw>
<kw name="Validar finalização da compra" owner="navegacao_demo">
<kw name="Element Should Be Visible" owner="SeleniumLibrary">
<msg time="2024-05-19T18:02:44.626487" level="INFO">Element 'css=span[data-test="title"]' is displayed.</msg>
<arg>css=span[data-test="title"]</arg>
<arg>Checkout: Complete!</arg>
<doc>Verifies that the element identified by ``locator`` is visible.</doc>
<status status="PASS" start="2024-05-19T18:02:44.593298" elapsed="0.033189"/>
</kw>
<kw name="Element Should Be Visible" owner="SeleniumLibrary">
<msg time="2024-05-19T18:02:44.644524" level="INFO">Element 'css=h2[data-test="complete-header"]' is displayed.</msg>
<arg>css=h2[data-test="complete-header"]</arg>
<arg>Thank you for your order!</arg>
<doc>Verifies that the element identified by ``locator`` is visible.</doc>
<status status="PASS" start="2024-05-19T18:02:44.626487" elapsed="0.018037"/>
</kw>
<kw name="Capture Page Screenshot" owner="SeleniumLibrary">
<msg time="2024-05-19T18:02:44.770116" level="INFO" html="true">&lt;/td&gt;&lt;/tr&gt;&lt;tr&gt;&lt;td colspan="3"&gt;&lt;a href="prints/selenium-screenshot-2.png"&gt;&lt;img src="prints/selenium-screenshot-2.png" width="800px"&gt;&lt;/a&gt;</msg>
<arg>prints/selenium-screenshot-{index}.png</arg>
<doc>Takes a screenshot of the current page and embeds it into a log file.</doc>
<status status="PASS" start="2024-05-19T18:02:44.644524" elapsed="0.125592"/>
</kw>
<kw name="Click Button" owner="SeleniumLibrary">
<msg time="2024-05-19T18:02:44.770116" level="INFO">Clicking button 'css=button[data-test="back-to-products"]'.</msg>
<arg>css=button[data-test="back-to-products"]</arg>
<doc>Clicks the button identified by ``locator``.</doc>
<status status="PASS" start="2024-05-19T18:02:44.770116" elapsed="0.086736"/>
</kw>
<status status="PASS" start="2024-05-19T18:02:44.593298" elapsed="0.263554"/>
</kw>
<kw name="Fechar o navegador" owner="setup_teardown" type="TEARDOWN">
<kw name="Close Browser" owner="SeleniumLibrary">
<doc>Closes the current browser.</doc>
<status status="PASS" start="2024-05-19T18:02:44.856852" elapsed="2.190473"/>
</kw>
<status status="PASS" start="2024-05-19T18:02:44.856852" elapsed="2.190473"/>
</kw>
<status status="PASS" start="2024-05-19T18:02:39.943910" elapsed="7.103415"/>
</test>
<status status="PASS" start="2024-05-19T18:02:39.297454" elapsed="7.757695"/>
</suite>
<statistics>
<total>
<stat pass="1" fail="0" skip="0">All Tests</stat>
</total>
<tag>
</tag>
<suite>
<stat pass="1" fail="0" skip="0" id="s1" name="Navegacao">Navegacao</stat>
</suite>
</statistics>
<errors>
</errors>
</robot>
